#! /c/Source/iverilog-install/bin/vvp
:ivl_version "12.0 (devel)" "(s20150603-1539-g2693dd32b)";
:ivl_delay_selection "TYPICAL";
:vpi_time_precision - 12;
:vpi_module "C:\iverilog\lib\ivl\system.vpi";
:vpi_module "C:\iverilog\lib\ivl\vhdl_sys.vpi";
:vpi_module "C:\iverilog\lib\ivl\vhdl_textio.vpi";
:vpi_module "C:\iverilog\lib\ivl\v2005_math.vpi";
:vpi_module "C:\iverilog\lib\ivl\va_math.vpi";
:vpi_module "C:\iverilog\lib\ivl\v2009.vpi";
S_0000021f39161780 .scope package, "$unit" "$unit" 2 1;
 .timescale 0 0;
S_0000021f3917fb60 .scope module, "tb_top_ann_dynamic" "tb_top_ann_dynamic" 3 3;
 .timescale -9 -12;
v0000021f391d7f50_0 .var/s "f0", 15 0;
v0000021f391d84f0_0 .var/s "f1", 15 0;
v0000021f391d8630_0 .var/s "f2", 15 0;
v0000021f391d86d0_0 .var/s "f3", 15 0;
v0000021f391d83b0_0 .var/s "f4", 15 0;
v0000021f391d7ff0_0 .var/s "f5", 15 0;
v0000021f391d8810_0 .var/s "f6", 15 0;
v0000021f391d8270_0 .var/s "f7", 15 0;
v0000021f391d8450_0 .net "predicted_stage", 1 0, v0000021f391d7e10_0;  1 drivers
S_0000021f3917fcf0 .scope module, "dut" "top_ann_mem" 3 7, 4 3 0, S_0000021f3917fb60;
 .timescale -9 -12;
    .port_info 0 /INPUT 16 "f0";
    .port_info 1 /INPUT 16 "f1";
    .port_info 2 /INPUT 16 "f2";
    .port_info 3 /INPUT 16 "f3";
    .port_info 4 /INPUT 16 "f4";
    .port_info 5 /INPUT 16 "f5";
    .port_info 6 /INPUT 16 "f6";
    .port_info 7 /INPUT 16 "f7";
    .port_info 8 /OUTPUT 16 "o0";
    .port_info 9 /OUTPUT 16 "o1";
    .port_info 10 /OUTPUT 16 "o2";
    .port_info 11 /OUTPUT 16 "o3";
    .port_info 12 /OUTPUT 2 "predicted_stage";
v0000021f39116e30_0 .var/s "acc", 31 0;
v0000021f39116a60_0 .net/s "f0", 15 0, v0000021f391d7f50_0;  1 drivers
v0000021f39161910_0 .net/s "f1", 15 0, v0000021f391d84f0_0;  1 drivers
v0000021f39164a20_0 .net/s "f2", 15 0, v0000021f391d8630_0;  1 drivers
v0000021f39164ac0_0 .net/s "f3", 15 0, v0000021f391d86d0_0;  1 drivers
v0000021f39174000_0 .net/s "f4", 15 0, v0000021f391d83b0_0;  1 drivers
v0000021f391740a0_0 .net/s "f5", 15 0, v0000021f391d7ff0_0;  1 drivers
v0000021f391d7780_0 .net/s "f6", 15 0, v0000021f391d8810_0;  1 drivers
v0000021f391d7820_0 .net/s "f7", 15 0, v0000021f391d8270_0;  1 drivers
v0000021f391d78c0 .array/s "features", 7 0, 15 0;
v0000021f391d7960 .array/s "hidden", 15 0, 15 0;
v0000021f391d7a00_0 .var/i "i", 31 0;
v0000021f391d88b0_0 .var/i "j", 31 0;
v0000021f391d7af0 .array/s "layer0_biases", 15 0, 15 0;
v0000021f391d7b90 .array/s "layer0_weights", 127 0, 15 0;
v0000021f391d8770 .array/s "layer1_biases", 3 0, 15 0;
v0000021f391d8130 .array/s "layer1_weights", 63 0, 15 0;
v0000021f391d8590_0 .var/s "o0", 15 0;
v0000021f391d81d0_0 .var/s "o1", 15 0;
v0000021f391d7d70_0 .var/s "o2", 15 0;
v0000021f391d8310_0 .var/s "o3", 15 0;
v0000021f391d7e10_0 .var "predicted_stage", 1 0;
E_0000021f3917b6d0/0 .event anyedge, v0000021f391d81d0_0, v0000021f391d8590_0, v0000021f391d7d70_0, v0000021f391d7e10_0;
E_0000021f3917b6d0/1 .event anyedge, v0000021f391d8310_0;
E_0000021f3917b6d0 .event/or E_0000021f3917b6d0/0, E_0000021f3917b6d0/1;
v0000021f391d7960_0 .array/port v0000021f391d7960, 0;
v0000021f391d7960_1 .array/port v0000021f391d7960, 1;
v0000021f391d7960_2 .array/port v0000021f391d7960, 2;
E_0000021f3917b790/0 .event anyedge, v0000021f39116e30_0, v0000021f391d7960_0, v0000021f391d7960_1, v0000021f391d7960_2;
v0000021f391d7960_3 .array/port v0000021f391d7960, 3;
v0000021f391d7960_4 .array/port v0000021f391d7960, 4;
v0000021f391d7960_5 .array/port v0000021f391d7960, 5;
v0000021f391d7960_6 .array/port v0000021f391d7960, 6;
E_0000021f3917b790/1 .event anyedge, v0000021f391d7960_3, v0000021f391d7960_4, v0000021f391d7960_5, v0000021f391d7960_6;
v0000021f391d7960_7 .array/port v0000021f391d7960, 7;
v0000021f391d7960_8 .array/port v0000021f391d7960, 8;
v0000021f391d7960_9 .array/port v0000021f391d7960, 9;
v0000021f391d7960_10 .array/port v0000021f391d7960, 10;
E_0000021f3917b790/2 .event anyedge, v0000021f391d7960_7, v0000021f391d7960_8, v0000021f391d7960_9, v0000021f391d7960_10;
v0000021f391d7960_11 .array/port v0000021f391d7960, 11;
v0000021f391d7960_12 .array/port v0000021f391d7960, 12;
v0000021f391d7960_13 .array/port v0000021f391d7960, 13;
v0000021f391d7960_14 .array/port v0000021f391d7960, 14;
E_0000021f3917b790/3 .event anyedge, v0000021f391d7960_11, v0000021f391d7960_12, v0000021f391d7960_13, v0000021f391d7960_14;
v0000021f391d7960_15 .array/port v0000021f391d7960, 15;
v0000021f391d8130_0 .array/port v0000021f391d8130, 0;
v0000021f391d8130_1 .array/port v0000021f391d8130, 1;
v0000021f391d8130_2 .array/port v0000021f391d8130, 2;
E_0000021f3917b790/4 .event anyedge, v0000021f391d7960_15, v0000021f391d8130_0, v0000021f391d8130_1, v0000021f391d8130_2;
v0000021f391d8130_3 .array/port v0000021f391d8130, 3;
v0000021f391d8130_4 .array/port v0000021f391d8130, 4;
v0000021f391d8130_5 .array/port v0000021f391d8130, 5;
v0000021f391d8130_6 .array/port v0000021f391d8130, 6;
E_0000021f3917b790/5 .event anyedge, v0000021f391d8130_3, v0000021f391d8130_4, v0000021f391d8130_5, v0000021f391d8130_6;
v0000021f391d8130_7 .array/port v0000021f391d8130, 7;
v0000021f391d8130_8 .array/port v0000021f391d8130, 8;
v0000021f391d8130_9 .array/port v0000021f391d8130, 9;
v0000021f391d8130_10 .array/port v0000021f391d8130, 10;
E_0000021f3917b790/6 .event anyedge, v0000021f391d8130_7, v0000021f391d8130_8, v0000021f391d8130_9, v0000021f391d8130_10;
v0000021f391d8130_11 .array/port v0000021f391d8130, 11;
v0000021f391d8130_12 .array/port v0000021f391d8130, 12;
v0000021f391d8130_13 .array/port v0000021f391d8130, 13;
v0000021f391d8130_14 .array/port v0000021f391d8130, 14;
E_0000021f3917b790/7 .event anyedge, v0000021f391d8130_11, v0000021f391d8130_12, v0000021f391d8130_13, v0000021f391d8130_14;
v0000021f391d8130_15 .array/port v0000021f391d8130, 15;
v0000021f391d8130_16 .array/port v0000021f391d8130, 16;
v0000021f391d8130_17 .array/port v0000021f391d8130, 17;
v0000021f391d8130_18 .array/port v0000021f391d8130, 18;
E_0000021f3917b790/8 .event anyedge, v0000021f391d8130_15, v0000021f391d8130_16, v0000021f391d8130_17, v0000021f391d8130_18;
v0000021f391d8130_19 .array/port v0000021f391d8130, 19;
v0000021f391d8130_20 .array/port v0000021f391d8130, 20;
v0000021f391d8130_21 .array/port v0000021f391d8130, 21;
v0000021f391d8130_22 .array/port v0000021f391d8130, 22;
E_0000021f3917b790/9 .event anyedge, v0000021f391d8130_19, v0000021f391d8130_20, v0000021f391d8130_21, v0000021f391d8130_22;
v0000021f391d8130_23 .array/port v0000021f391d8130, 23;
v0000021f391d8130_24 .array/port v0000021f391d8130, 24;
v0000021f391d8130_25 .array/port v0000021f391d8130, 25;
v0000021f391d8130_26 .array/port v0000021f391d8130, 26;
E_0000021f3917b790/10 .event anyedge, v0000021f391d8130_23, v0000021f391d8130_24, v0000021f391d8130_25, v0000021f391d8130_26;
v0000021f391d8130_27 .array/port v0000021f391d8130, 27;
v0000021f391d8130_28 .array/port v0000021f391d8130, 28;
v0000021f391d8130_29 .array/port v0000021f391d8130, 29;
v0000021f391d8130_30 .array/port v0000021f391d8130, 30;
E_0000021f3917b790/11 .event anyedge, v0000021f391d8130_27, v0000021f391d8130_28, v0000021f391d8130_29, v0000021f391d8130_30;
v0000021f391d8130_31 .array/port v0000021f391d8130, 31;
v0000021f391d8130_32 .array/port v0000021f391d8130, 32;
v0000021f391d8130_33 .array/port v0000021f391d8130, 33;
v0000021f391d8130_34 .array/port v0000021f391d8130, 34;
E_0000021f3917b790/12 .event anyedge, v0000021f391d8130_31, v0000021f391d8130_32, v0000021f391d8130_33, v0000021f391d8130_34;
v0000021f391d8130_35 .array/port v0000021f391d8130, 35;
v0000021f391d8130_36 .array/port v0000021f391d8130, 36;
v0000021f391d8130_37 .array/port v0000021f391d8130, 37;
v0000021f391d8130_38 .array/port v0000021f391d8130, 38;
E_0000021f3917b790/13 .event anyedge, v0000021f391d8130_35, v0000021f391d8130_36, v0000021f391d8130_37, v0000021f391d8130_38;
v0000021f391d8130_39 .array/port v0000021f391d8130, 39;
v0000021f391d8130_40 .array/port v0000021f391d8130, 40;
v0000021f391d8130_41 .array/port v0000021f391d8130, 41;
v0000021f391d8130_42 .array/port v0000021f391d8130, 42;
E_0000021f3917b790/14 .event anyedge, v0000021f391d8130_39, v0000021f391d8130_40, v0000021f391d8130_41, v0000021f391d8130_42;
v0000021f391d8130_43 .array/port v0000021f391d8130, 43;
v0000021f391d8130_44 .array/port v0000021f391d8130, 44;
v0000021f391d8130_45 .array/port v0000021f391d8130, 45;
v0000021f391d8130_46 .array/port v0000021f391d8130, 46;
E_0000021f3917b790/15 .event anyedge, v0000021f391d8130_43, v0000021f391d8130_44, v0000021f391d8130_45, v0000021f391d8130_46;
v0000021f391d8130_47 .array/port v0000021f391d8130, 47;
v0000021f391d8130_48 .array/port v0000021f391d8130, 48;
v0000021f391d8130_49 .array/port v0000021f391d8130, 49;
v0000021f391d8130_50 .array/port v0000021f391d8130, 50;
E_0000021f3917b790/16 .event anyedge, v0000021f391d8130_47, v0000021f391d8130_48, v0000021f391d8130_49, v0000021f391d8130_50;
v0000021f391d8130_51 .array/port v0000021f391d8130, 51;
v0000021f391d8130_52 .array/port v0000021f391d8130, 52;
v0000021f391d8130_53 .array/port v0000021f391d8130, 53;
v0000021f391d8130_54 .array/port v0000021f391d8130, 54;
E_0000021f3917b790/17 .event anyedge, v0000021f391d8130_51, v0000021f391d8130_52, v0000021f391d8130_53, v0000021f391d8130_54;
v0000021f391d8130_55 .array/port v0000021f391d8130, 55;
v0000021f391d8130_56 .array/port v0000021f391d8130, 56;
v0000021f391d8130_57 .array/port v0000021f391d8130, 57;
v0000021f391d8130_58 .array/port v0000021f391d8130, 58;
E_0000021f3917b790/18 .event anyedge, v0000021f391d8130_55, v0000021f391d8130_56, v0000021f391d8130_57, v0000021f391d8130_58;
v0000021f391d8130_59 .array/port v0000021f391d8130, 59;
v0000021f391d8130_60 .array/port v0000021f391d8130, 60;
v0000021f391d8130_61 .array/port v0000021f391d8130, 61;
v0000021f391d8130_62 .array/port v0000021f391d8130, 62;
E_0000021f3917b790/19 .event anyedge, v0000021f391d8130_59, v0000021f391d8130_60, v0000021f391d8130_61, v0000021f391d8130_62;
v0000021f391d8130_63 .array/port v0000021f391d8130, 63;
v0000021f391d8770_0 .array/port v0000021f391d8770, 0;
v0000021f391d8770_1 .array/port v0000021f391d8770, 1;
v0000021f391d8770_2 .array/port v0000021f391d8770, 2;
E_0000021f3917b790/20 .event anyedge, v0000021f391d8130_63, v0000021f391d8770_0, v0000021f391d8770_1, v0000021f391d8770_2;
v0000021f391d8770_3 .array/port v0000021f391d8770, 3;
E_0000021f3917b790/21 .event anyedge, v0000021f391d8770_3;
E_0000021f3917b790 .event/or E_0000021f3917b790/0, E_0000021f3917b790/1, E_0000021f3917b790/2, E_0000021f3917b790/3, E_0000021f3917b790/4, E_0000021f3917b790/5, E_0000021f3917b790/6, E_0000021f3917b790/7, E_0000021f3917b790/8, E_0000021f3917b790/9, E_0000021f3917b790/10, E_0000021f3917b790/11, E_0000021f3917b790/12, E_0000021f3917b790/13, E_0000021f3917b790/14, E_0000021f3917b790/15, E_0000021f3917b790/16, E_0000021f3917b790/17, E_0000021f3917b790/18, E_0000021f3917b790/19, E_0000021f3917b790/20, E_0000021f3917b790/21;
v0000021f391d78c0_0 .array/port v0000021f391d78c0, 0;
v0000021f391d78c0_1 .array/port v0000021f391d78c0, 1;
v0000021f391d78c0_2 .array/port v0000021f391d78c0, 2;
E_0000021f3917bb50/0 .event anyedge, v0000021f39116e30_0, v0000021f391d78c0_0, v0000021f391d78c0_1, v0000021f391d78c0_2;
v0000021f391d78c0_3 .array/port v0000021f391d78c0, 3;
v0000021f391d78c0_4 .array/port v0000021f391d78c0, 4;
v0000021f391d78c0_5 .array/port v0000021f391d78c0, 5;
v0000021f391d78c0_6 .array/port v0000021f391d78c0, 6;
E_0000021f3917bb50/1 .event anyedge, v0000021f391d78c0_3, v0000021f391d78c0_4, v0000021f391d78c0_5, v0000021f391d78c0_6;
v0000021f391d78c0_7 .array/port v0000021f391d78c0, 7;
v0000021f391d7b90_0 .array/port v0000021f391d7b90, 0;
v0000021f391d7b90_1 .array/port v0000021f391d7b90, 1;
v0000021f391d7b90_2 .array/port v0000021f391d7b90, 2;
E_0000021f3917bb50/2 .event anyedge, v0000021f391d78c0_7, v0000021f391d7b90_0, v0000021f391d7b90_1, v0000021f391d7b90_2;
v0000021f391d7b90_3 .array/port v0000021f391d7b90, 3;
v0000021f391d7b90_4 .array/port v0000021f391d7b90, 4;
v0000021f391d7b90_5 .array/port v0000021f391d7b90, 5;
v0000021f391d7b90_6 .array/port v0000021f391d7b90, 6;
E_0000021f3917bb50/3 .event anyedge, v0000021f391d7b90_3, v0000021f391d7b90_4, v0000021f391d7b90_5, v0000021f391d7b90_6;
v0000021f391d7b90_7 .array/port v0000021f391d7b90, 7;
v0000021f391d7b90_8 .array/port v0000021f391d7b90, 8;
v0000021f391d7b90_9 .array/port v0000021f391d7b90, 9;
v0000021f391d7b90_10 .array/port v0000021f391d7b90, 10;
E_0000021f3917bb50/4 .event anyedge, v0000021f391d7b90_7, v0000021f391d7b90_8, v0000021f391d7b90_9, v0000021f391d7b90_10;
v0000021f391d7b90_11 .array/port v0000021f391d7b90, 11;
v0000021f391d7b90_12 .array/port v0000021f391d7b90, 12;
v0000021f391d7b90_13 .array/port v0000021f391d7b90, 13;
v0000021f391d7b90_14 .array/port v0000021f391d7b90, 14;
E_0000021f3917bb50/5 .event anyedge, v0000021f391d7b90_11, v0000021f391d7b90_12, v0000021f391d7b90_13, v0000021f391d7b90_14;
v0000021f391d7b90_15 .array/port v0000021f391d7b90, 15;
v0000021f391d7b90_16 .array/port v0000021f391d7b90, 16;
v0000021f391d7b90_17 .array/port v0000021f391d7b90, 17;
v0000021f391d7b90_18 .array/port v0000021f391d7b90, 18;
E_0000021f3917bb50/6 .event anyedge, v0000021f391d7b90_15, v0000021f391d7b90_16, v0000021f391d7b90_17, v0000021f391d7b90_18;
v0000021f391d7b90_19 .array/port v0000021f391d7b90, 19;
v0000021f391d7b90_20 .array/port v0000021f391d7b90, 20;
v0000021f391d7b90_21 .array/port v0000021f391d7b90, 21;
v0000021f391d7b90_22 .array/port v0000021f391d7b90, 22;
E_0000021f3917bb50/7 .event anyedge, v0000021f391d7b90_19, v0000021f391d7b90_20, v0000021f391d7b90_21, v0000021f391d7b90_22;
v0000021f391d7b90_23 .array/port v0000021f391d7b90, 23;
v0000021f391d7b90_24 .array/port v0000021f391d7b90, 24;
v0000021f391d7b90_25 .array/port v0000021f391d7b90, 25;
v0000021f391d7b90_26 .array/port v0000021f391d7b90, 26;
E_0000021f3917bb50/8 .event anyedge, v0000021f391d7b90_23, v0000021f391d7b90_24, v0000021f391d7b90_25, v0000021f391d7b90_26;
v0000021f391d7b90_27 .array/port v0000021f391d7b90, 27;
v0000021f391d7b90_28 .array/port v0000021f391d7b90, 28;
v0000021f391d7b90_29 .array/port v0000021f391d7b90, 29;
v0000021f391d7b90_30 .array/port v0000021f391d7b90, 30;
E_0000021f3917bb50/9 .event anyedge, v0000021f391d7b90_27, v0000021f391d7b90_28, v0000021f391d7b90_29, v0000021f391d7b90_30;
v0000021f391d7b90_31 .array/port v0000021f391d7b90, 31;
v0000021f391d7b90_32 .array/port v0000021f391d7b90, 32;
v0000021f391d7b90_33 .array/port v0000021f391d7b90, 33;
v0000021f391d7b90_34 .array/port v0000021f391d7b90, 34;
E_0000021f3917bb50/10 .event anyedge, v0000021f391d7b90_31, v0000021f391d7b90_32, v0000021f391d7b90_33, v0000021f391d7b90_34;
v0000021f391d7b90_35 .array/port v0000021f391d7b90, 35;
v0000021f391d7b90_36 .array/port v0000021f391d7b90, 36;
v0000021f391d7b90_37 .array/port v0000021f391d7b90, 37;
v0000021f391d7b90_38 .array/port v0000021f391d7b90, 38;
E_0000021f3917bb50/11 .event anyedge, v0000021f391d7b90_35, v0000021f391d7b90_36, v0000021f391d7b90_37, v0000021f391d7b90_38;
v0000021f391d7b90_39 .array/port v0000021f391d7b90, 39;
v0000021f391d7b90_40 .array/port v0000021f391d7b90, 40;
v0000021f391d7b90_41 .array/port v0000021f391d7b90, 41;
v0000021f391d7b90_42 .array/port v0000021f391d7b90, 42;
E_0000021f3917bb50/12 .event anyedge, v0000021f391d7b90_39, v0000021f391d7b90_40, v0000021f391d7b90_41, v0000021f391d7b90_42;
v0000021f391d7b90_43 .array/port v0000021f391d7b90, 43;
v0000021f391d7b90_44 .array/port v0000021f391d7b90, 44;
v0000021f391d7b90_45 .array/port v0000021f391d7b90, 45;
v0000021f391d7b90_46 .array/port v0000021f391d7b90, 46;
E_0000021f3917bb50/13 .event anyedge, v0000021f391d7b90_43, v0000021f391d7b90_44, v0000021f391d7b90_45, v0000021f391d7b90_46;
v0000021f391d7b90_47 .array/port v0000021f391d7b90, 47;
v0000021f391d7b90_48 .array/port v0000021f391d7b90, 48;
v0000021f391d7b90_49 .array/port v0000021f391d7b90, 49;
v0000021f391d7b90_50 .array/port v0000021f391d7b90, 50;
E_0000021f3917bb50/14 .event anyedge, v0000021f391d7b90_47, v0000021f391d7b90_48, v0000021f391d7b90_49, v0000021f391d7b90_50;
v0000021f391d7b90_51 .array/port v0000021f391d7b90, 51;
v0000021f391d7b90_52 .array/port v0000021f391d7b90, 52;
v0000021f391d7b90_53 .array/port v0000021f391d7b90, 53;
v0000021f391d7b90_54 .array/port v0000021f391d7b90, 54;
E_0000021f3917bb50/15 .event anyedge, v0000021f391d7b90_51, v0000021f391d7b90_52, v0000021f391d7b90_53, v0000021f391d7b90_54;
v0000021f391d7b90_55 .array/port v0000021f391d7b90, 55;
v0000021f391d7b90_56 .array/port v0000021f391d7b90, 56;
v0000021f391d7b90_57 .array/port v0000021f391d7b90, 57;
v0000021f391d7b90_58 .array/port v0000021f391d7b90, 58;
E_0000021f3917bb50/16 .event anyedge, v0000021f391d7b90_55, v0000021f391d7b90_56, v0000021f391d7b90_57, v0000021f391d7b90_58;
v0000021f391d7b90_59 .array/port v0000021f391d7b90, 59;
v0000021f391d7b90_60 .array/port v0000021f391d7b90, 60;
v0000021f391d7b90_61 .array/port v0000021f391d7b90, 61;
v0000021f391d7b90_62 .array/port v0000021f391d7b90, 62;
E_0000021f3917bb50/17 .event anyedge, v0000021f391d7b90_59, v0000021f391d7b90_60, v0000021f391d7b90_61, v0000021f391d7b90_62;
v0000021f391d7b90_63 .array/port v0000021f391d7b90, 63;
v0000021f391d7b90_64 .array/port v0000021f391d7b90, 64;
v0000021f391d7b90_65 .array/port v0000021f391d7b90, 65;
v0000021f391d7b90_66 .array/port v0000021f391d7b90, 66;
E_0000021f3917bb50/18 .event anyedge, v0000021f391d7b90_63, v0000021f391d7b90_64, v0000021f391d7b90_65, v0000021f391d7b90_66;
v0000021f391d7b90_67 .array/port v0000021f391d7b90, 67;
v0000021f391d7b90_68 .array/port v0000021f391d7b90, 68;
v0000021f391d7b90_69 .array/port v0000021f391d7b90, 69;
v0000021f391d7b90_70 .array/port v0000021f391d7b90, 70;
E_0000021f3917bb50/19 .event anyedge, v0000021f391d7b90_67, v0000021f391d7b90_68, v0000021f391d7b90_69, v0000021f391d7b90_70;
v0000021f391d7b90_71 .array/port v0000021f391d7b90, 71;
v0000021f391d7b90_72 .array/port v0000021f391d7b90, 72;
v0000021f391d7b90_73 .array/port v0000021f391d7b90, 73;
v0000021f391d7b90_74 .array/port v0000021f391d7b90, 74;
E_0000021f3917bb50/20 .event anyedge, v0000021f391d7b90_71, v0000021f391d7b90_72, v0000021f391d7b90_73, v0000021f391d7b90_74;
v0000021f391d7b90_75 .array/port v0000021f391d7b90, 75;
v0000021f391d7b90_76 .array/port v0000021f391d7b90, 76;
v0000021f391d7b90_77 .array/port v0000021f391d7b90, 77;
v0000021f391d7b90_78 .array/port v0000021f391d7b90, 78;
E_0000021f3917bb50/21 .event anyedge, v0000021f391d7b90_75, v0000021f391d7b90_76, v0000021f391d7b90_77, v0000021f391d7b90_78;
v0000021f391d7b90_79 .array/port v0000021f391d7b90, 79;
v0000021f391d7b90_80 .array/port v0000021f391d7b90, 80;
v0000021f391d7b90_81 .array/port v0000021f391d7b90, 81;
v0000021f391d7b90_82 .array/port v0000021f391d7b90, 82;
E_0000021f3917bb50/22 .event anyedge, v0000021f391d7b90_79, v0000021f391d7b90_80, v0000021f391d7b90_81, v0000021f391d7b90_82;
v0000021f391d7b90_83 .array/port v0000021f391d7b90, 83;
v0000021f391d7b90_84 .array/port v0000021f391d7b90, 84;
v0000021f391d7b90_85 .array/port v0000021f391d7b90, 85;
v0000021f391d7b90_86 .array/port v0000021f391d7b90, 86;
E_0000021f3917bb50/23 .event anyedge, v0000021f391d7b90_83, v0000021f391d7b90_84, v0000021f391d7b90_85, v0000021f391d7b90_86;
v0000021f391d7b90_87 .array/port v0000021f391d7b90, 87;
v0000021f391d7b90_88 .array/port v0000021f391d7b90, 88;
v0000021f391d7b90_89 .array/port v0000021f391d7b90, 89;
v0000021f391d7b90_90 .array/port v0000021f391d7b90, 90;
E_0000021f3917bb50/24 .event anyedge, v0000021f391d7b90_87, v0000021f391d7b90_88, v0000021f391d7b90_89, v0000021f391d7b90_90;
v0000021f391d7b90_91 .array/port v0000021f391d7b90, 91;
v0000021f391d7b90_92 .array/port v0000021f391d7b90, 92;
v0000021f391d7b90_93 .array/port v0000021f391d7b90, 93;
v0000021f391d7b90_94 .array/port v0000021f391d7b90, 94;
E_0000021f3917bb50/25 .event anyedge, v0000021f391d7b90_91, v0000021f391d7b90_92, v0000021f391d7b90_93, v0000021f391d7b90_94;
v0000021f391d7b90_95 .array/port v0000021f391d7b90, 95;
v0000021f391d7b90_96 .array/port v0000021f391d7b90, 96;
v0000021f391d7b90_97 .array/port v0000021f391d7b90, 97;
v0000021f391d7b90_98 .array/port v0000021f391d7b90, 98;
E_0000021f3917bb50/26 .event anyedge, v0000021f391d7b90_95, v0000021f391d7b90_96, v0000021f391d7b90_97, v0000021f391d7b90_98;
v0000021f391d7b90_99 .array/port v0000021f391d7b90, 99;
v0000021f391d7b90_100 .array/port v0000021f391d7b90, 100;
v0000021f391d7b90_101 .array/port v0000021f391d7b90, 101;
v0000021f391d7b90_102 .array/port v0000021f391d7b90, 102;
E_0000021f3917bb50/27 .event anyedge, v0000021f391d7b90_99, v0000021f391d7b90_100, v0000021f391d7b90_101, v0000021f391d7b90_102;
v0000021f391d7b90_103 .array/port v0000021f391d7b90, 103;
v0000021f391d7b90_104 .array/port v0000021f391d7b90, 104;
v0000021f391d7b90_105 .array/port v0000021f391d7b90, 105;
v0000021f391d7b90_106 .array/port v0000021f391d7b90, 106;
E_0000021f3917bb50/28 .event anyedge, v0000021f391d7b90_103, v0000021f391d7b90_104, v0000021f391d7b90_105, v0000021f391d7b90_106;
v0000021f391d7b90_107 .array/port v0000021f391d7b90, 107;
v0000021f391d7b90_108 .array/port v0000021f391d7b90, 108;
v0000021f391d7b90_109 .array/port v0000021f391d7b90, 109;
v0000021f391d7b90_110 .array/port v0000021f391d7b90, 110;
E_0000021f3917bb50/29 .event anyedge, v0000021f391d7b90_107, v0000021f391d7b90_108, v0000021f391d7b90_109, v0000021f391d7b90_110;
v0000021f391d7b90_111 .array/port v0000021f391d7b90, 111;
v0000021f391d7b90_112 .array/port v0000021f391d7b90, 112;
v0000021f391d7b90_113 .array/port v0000021f391d7b90, 113;
v0000021f391d7b90_114 .array/port v0000021f391d7b90, 114;
E_0000021f3917bb50/30 .event anyedge, v0000021f391d7b90_111, v0000021f391d7b90_112, v0000021f391d7b90_113, v0000021f391d7b90_114;
v0000021f391d7b90_115 .array/port v0000021f391d7b90, 115;
v0000021f391d7b90_116 .array/port v0000021f391d7b90, 116;
v0000021f391d7b90_117 .array/port v0000021f391d7b90, 117;
v0000021f391d7b90_118 .array/port v0000021f391d7b90, 118;
E_0000021f3917bb50/31 .event anyedge, v0000021f391d7b90_115, v0000021f391d7b90_116, v0000021f391d7b90_117, v0000021f391d7b90_118;
v0000021f391d7b90_119 .array/port v0000021f391d7b90, 119;
v0000021f391d7b90_120 .array/port v0000021f391d7b90, 120;
v0000021f391d7b90_121 .array/port v0000021f391d7b90, 121;
v0000021f391d7b90_122 .array/port v0000021f391d7b90, 122;
E_0000021f3917bb50/32 .event anyedge, v0000021f391d7b90_119, v0000021f391d7b90_120, v0000021f391d7b90_121, v0000021f391d7b90_122;
v0000021f391d7b90_123 .array/port v0000021f391d7b90, 123;
v0000021f391d7b90_124 .array/port v0000021f391d7b90, 124;
v0000021f391d7b90_125 .array/port v0000021f391d7b90, 125;
v0000021f391d7b90_126 .array/port v0000021f391d7b90, 126;
E_0000021f3917bb50/33 .event anyedge, v0000021f391d7b90_123, v0000021f391d7b90_124, v0000021f391d7b90_125, v0000021f391d7b90_126;
v0000021f391d7b90_127 .array/port v0000021f391d7b90, 127;
v0000021f391d7af0_0 .array/port v0000021f391d7af0, 0;
v0000021f391d7af0_1 .array/port v0000021f391d7af0, 1;
v0000021f391d7af0_2 .array/port v0000021f391d7af0, 2;
E_0000021f3917bb50/34 .event anyedge, v0000021f391d7b90_127, v0000021f391d7af0_0, v0000021f391d7af0_1, v0000021f391d7af0_2;
v0000021f391d7af0_3 .array/port v0000021f391d7af0, 3;
v0000021f391d7af0_4 .array/port v0000021f391d7af0, 4;
v0000021f391d7af0_5 .array/port v0000021f391d7af0, 5;
v0000021f391d7af0_6 .array/port v0000021f391d7af0, 6;
E_0000021f3917bb50/35 .event anyedge, v0000021f391d7af0_3, v0000021f391d7af0_4, v0000021f391d7af0_5, v0000021f391d7af0_6;
v0000021f391d7af0_7 .array/port v0000021f391d7af0, 7;
v0000021f391d7af0_8 .array/port v0000021f391d7af0, 8;
v0000021f391d7af0_9 .array/port v0000021f391d7af0, 9;
v0000021f391d7af0_10 .array/port v0000021f391d7af0, 10;
E_0000021f3917bb50/36 .event anyedge, v0000021f391d7af0_7, v0000021f391d7af0_8, v0000021f391d7af0_9, v0000021f391d7af0_10;
v0000021f391d7af0_11 .array/port v0000021f391d7af0, 11;
v0000021f391d7af0_12 .array/port v0000021f391d7af0, 12;
v0000021f391d7af0_13 .array/port v0000021f391d7af0, 13;
v0000021f391d7af0_14 .array/port v0000021f391d7af0, 14;
E_0000021f3917bb50/37 .event anyedge, v0000021f391d7af0_11, v0000021f391d7af0_12, v0000021f391d7af0_13, v0000021f391d7af0_14;
v0000021f391d7af0_15 .array/port v0000021f391d7af0, 15;
E_0000021f3917bb50/38 .event anyedge, v0000021f391d7af0_15;
E_0000021f3917bb50 .event/or E_0000021f3917bb50/0, E_0000021f3917bb50/1, E_0000021f3917bb50/2, E_0000021f3917bb50/3, E_0000021f3917bb50/4, E_0000021f3917bb50/5, E_0000021f3917bb50/6, E_0000021f3917bb50/7, E_0000021f3917bb50/8, E_0000021f3917bb50/9, E_0000021f3917bb50/10, E_0000021f3917bb50/11, E_0000021f3917bb50/12, E_0000021f3917bb50/13, E_0000021f3917bb50/14, E_0000021f3917bb50/15, E_0000021f3917bb50/16, E_0000021f3917bb50/17, E_0000021f3917bb50/18, E_0000021f3917bb50/19, E_0000021f3917bb50/20, E_0000021f3917bb50/21, E_0000021f3917bb50/22, E_0000021f3917bb50/23, E_0000021f3917bb50/24, E_0000021f3917bb50/25, E_0000021f3917bb50/26, E_0000021f3917bb50/27, E_0000021f3917bb50/28, E_0000021f3917bb50/29, E_0000021f3917bb50/30, E_0000021f3917bb50/31, E_0000021f3917bb50/32, E_0000021f3917bb50/33, E_0000021f3917bb50/34, E_0000021f3917bb50/35, E_0000021f3917bb50/36, E_0000021f3917bb50/37, E_0000021f3917bb50/38;
E_0000021f3917be10/0 .event anyedge, v0000021f39116a60_0, v0000021f39161910_0, v0000021f39164a20_0, v0000021f39164ac0_0;
E_0000021f3917be10/1 .event anyedge, v0000021f39174000_0, v0000021f391740a0_0, v0000021f391d7780_0, v0000021f391d7820_0;
E_0000021f3917be10 .event/or E_0000021f3917be10/0, E_0000021f3917be10/1;
    .scope S_0000021f3917fcf0;
T_0 ;
    %vpi_call/w 4 30 "$readmemh", "layer0_weights.mem", v0000021f391d7b90 {0 0 0};
    %vpi_call/w 4 31 "$readmemh", "layer0_biases.mem", v0000021f391d7af0 {0 0 0};
    %vpi_call/w 4 32 "$readmemh", "layer1_weights.mem", v0000021f391d8130 {0 0 0};
    %vpi_call/w 4 33 "$readmemh", "layer1_biases.mem", v0000021f391d8770 {0 0 0};
    %end;
    .thread T_0;
    .scope S_0000021f3917fcf0;
T_1 ;
    %wait E_0000021f3917be10;
    %load/vec4 v0000021f39116a60_0;
    %ix/load 4, 0, 0;
    %flag_set/imm 4, 0;
    %store/vec4a v0000021f391d78c0, 4, 0;
    %load/vec4 v0000021f39161910_0;
    %ix/load 4, 1, 0;
    %flag_set/imm 4, 0;
    %store/vec4a v0000021f391d78c0, 4, 0;
    %load/vec4 v0000021f39164a20_0;
    %ix/load 4, 2, 0;
    %flag_set/imm 4, 0;
    %store/vec4a v0000021f391d78c0, 4, 0;
    %load/vec4 v0000021f39164ac0_0;
    %ix/load 4, 3, 0;
    %flag_set/imm 4, 0;
    %store/vec4a v0000021f391d78c0, 4, 0;
    %load/vec4 v0000021f39174000_0;
    %ix/load 4, 4, 0;
    %flag_set/imm 4, 0;
    %store/vec4a v0000021f391d78c0, 4, 0;
    %load/vec4 v0000021f391740a0_0;
    %ix/load 4, 5, 0;
    %flag_set/imm 4, 0;
    %store/vec4a v0000021f391d78c0, 4, 0;
    %load/vec4 v0000021f391d7780_0;
    %ix/load 4, 6, 0;
    %flag_set/imm 4, 0;
    %store/vec4a v0000021f391d78c0, 4, 0;
    %load/vec4 v0000021f391d7820_0;
    %ix/load 4, 7, 0;
    %flag_set/imm 4, 0;
    %store/vec4a v0000021f391d78c0, 4, 0;
    %jmp T_1;
    .thread T_1, $push;
    .scope S_0000021f3917fcf0;
T_2 ;
    %wait E_0000021f3917bb50;
    %pushi/vec4 0, 0, 32;
    %store/vec4 v0000021f391d7a00_0, 0, 32;
T_2.0 ;
    %load/vec4 v0000021f391d7a00_0;
    %cmpi/s 16, 0, 32;
    %jmp/0xz T_2.1, 5;
    %pushi/vec4 0, 0, 32;
    %store/vec4 v0000021f39116e30_0, 0, 32;
    %pushi/vec4 0, 0, 32;
    %store/vec4 v0000021f391d88b0_0, 0, 32;
T_2.2 ;
    %load/vec4 v0000021f391d88b0_0;
    %cmpi/s 8, 0, 32;
    %jmp/0xz T_2.3, 5;
    %load/vec4 v0000021f39116e30_0;
    %ix/getv/s 4, v0000021f391d88b0_0;
    %load/vec4a v0000021f391d78c0, 4;
    %pad/s 32;
    %load/vec4 v0000021f391d7a00_0;
    %muli 8, 0, 32;
    %load/vec4 v0000021f391d88b0_0;
    %add;
    %ix/vec4/s 4;
    %load/vec4a v0000021f391d7b90, 4;
    %pad/s 32;
    %mul;
    %add;
    %store/vec4 v0000021f39116e30_0, 0, 32;
    %load/vec4 v0000021f391d88b0_0;
    %addi 1, 0, 32;
    %store/vec4 v0000021f391d88b0_0, 0, 32;
    %jmp T_2.2;
T_2.3 ;
    %load/vec4 v0000021f39116e30_0;
    %ix/getv/s 4, v0000021f391d7a00_0;
    %load/vec4a v0000021f391d7af0, 4;
    %pad/s 32;
    %ix/load 4, 8, 0;
    %flag_set/imm 4, 0;
    %shiftl 4;
    %add;
    %store/vec4 v0000021f39116e30_0, 0, 32;
    %load/vec4 v0000021f39116e30_0;
    %ix/load 4, 8, 0;
    %flag_set/imm 4, 0;
    %shiftl 4;
    %pushi/vec4 256, 0, 32;
    %load/vec4 v0000021f39116e30_0;
    %parti/s 1, 31, 6;
    %flag_set/vec4 8;
    %jmp/0 T_2.4, 8;
    %load/vec4 v0000021f39116e30_0;
    %inv;
    %pushi/vec4 1, 0, 32;
    %add;
    %jmp/1 T_2.5, 8;
T_2.4 ; End of true expr.
    %load/vec4 v0000021f39116e30_0;
    %jmp/0 T_2.5, 8;
 ; End of false expr.
    %blend;
T_2.5;
    %add;
    %div/s;
    %pad/s 16;
    %ix/getv/s 4, v0000021f391d7a00_0;
    %store/vec4a v0000021f391d7960, 4, 0;
    %load/vec4 v0000021f391d7a00_0;
    %addi 1, 0, 32;
    %store/vec4 v0000021f391d7a00_0, 0, 32;
    %jmp T_2.0;
T_2.1 ;
    %jmp T_2;
    .thread T_2, $push;
    .scope S_0000021f3917fcf0;
T_3 ;
    %wait E_0000021f3917b790;
    %pushi/vec4 0, 0, 32;
    %store/vec4 v0000021f39116e30_0, 0, 32;
    %pushi/vec4 0, 0, 32;
    %store/vec4 v0000021f391d88b0_0, 0, 32;
T_3.0 ;
    %load/vec4 v0000021f391d88b0_0;
    %cmpi/s 16, 0, 32;
    %jmp/0xz T_3.1, 5;
    %load/vec4 v0000021f39116e30_0;
    %ix/getv/s 4, v0000021f391d88b0_0;
    %load/vec4a v0000021f391d7960, 4;
    %pad/s 32;
    %ix/getv/s 4, v0000021f391d88b0_0;
    %load/vec4a v0000021f391d8130, 4;
    %pad/s 32;
    %mul;
    %add;
    %store/vec4 v0000021f39116e30_0, 0, 32;
    %load/vec4 v0000021f391d88b0_0;
    %addi 1, 0, 32;
    %store/vec4 v0000021f391d88b0_0, 0, 32;
    %jmp T_3.0;
T_3.1 ;
    %load/vec4 v0000021f39116e30_0;
    %ix/load 4, 8, 0;
    %flag_set/imm 4, 0;
    %shiftr/s 4;
    %ix/load 4, 0, 0;
    %flag_set/imm 4, 0;
    %load/vec4a v0000021f391d8770, 4;
    %pad/s 32;
    %add;
    %pad/s 16;
    %store/vec4 v0000021f391d8590_0, 0, 16;
    %pushi/vec4 0, 0, 32;
    %store/vec4 v0000021f39116e30_0, 0, 32;
    %pushi/vec4 0, 0, 32;
    %store/vec4 v0000021f391d88b0_0, 0, 32;
T_3.2 ;
    %load/vec4 v0000021f391d88b0_0;
    %cmpi/s 16, 0, 32;
    %jmp/0xz T_3.3, 5;
    %load/vec4 v0000021f39116e30_0;
    %ix/getv/s 4, v0000021f391d88b0_0;
    %load/vec4a v0000021f391d7960, 4;
    %pad/s 32;
    %pushi/vec4 16, 0, 32;
    %load/vec4 v0000021f391d88b0_0;
    %add;
    %ix/vec4/s 4;
    %load/vec4a v0000021f391d8130, 4;
    %pad/s 32;
    %mul;
    %add;
    %store/vec4 v0000021f39116e30_0, 0, 32;
    %load/vec4 v0000021f391d88b0_0;
    %addi 1, 0, 32;
    %store/vec4 v0000021f391d88b0_0, 0, 32;
    %jmp T_3.2;
T_3.3 ;
    %load/vec4 v0000021f39116e30_0;
    %ix/load 4, 8, 0;
    %flag_set/imm 4, 0;
    %shiftr/s 4;
    %ix/load 4, 1, 0;
    %flag_set/imm 4, 0;
    %load/vec4a v0000021f391d8770, 4;
    %pad/s 32;
    %add;
    %pad/s 16;
    %store/vec4 v0000021f391d81d0_0, 0, 16;
    %pushi/vec4 0, 0, 32;
    %store/vec4 v0000021f39116e30_0, 0, 32;
    %pushi/vec4 0, 0, 32;
    %store/vec4 v0000021f391d88b0_0, 0, 32;
T_3.4 ;
    %load/vec4 v0000021f391d88b0_0;
    %cmpi/s 16, 0, 32;
    %jmp/0xz T_3.5, 5;
    %load/vec4 v0000021f39116e30_0;
    %ix/getv/s 4, v0000021f391d88b0_0;
    %load/vec4a v0000021f391d7960, 4;
    %pad/s 32;
    %pushi/vec4 32, 0, 32;
    %load/vec4 v0000021f391d88b0_0;
    %add;
    %ix/vec4/s 4;
    %load/vec4a v0000021f391d8130, 4;
    %pad/s 32;
    %mul;
    %add;
    %store/vec4 v0000021f39116e30_0, 0, 32;
    %load/vec4 v0000021f391d88b0_0;
    %addi 1, 0, 32;
    %store/vec4 v0000021f391d88b0_0, 0, 32;
    %jmp T_3.4;
T_3.5 ;
    %load/vec4 v0000021f39116e30_0;
    %ix/load 4, 8, 0;
    %flag_set/imm 4, 0;
    %shiftr/s 4;
    %ix/load 4, 2, 0;
    %flag_set/imm 4, 0;
    %load/vec4a v0000021f391d8770, 4;
    %pad/s 32;
    %add;
    %pad/s 16;
    %store/vec4 v0000021f391d7d70_0, 0, 16;
    %pushi/vec4 0, 0, 32;
    %store/vec4 v0000021f39116e30_0, 0, 32;
    %pushi/vec4 0, 0, 32;
    %store/vec4 v0000021f391d88b0_0, 0, 32;
T_3.6 ;
    %load/vec4 v0000021f391d88b0_0;
    %cmpi/s 16, 0, 32;
    %jmp/0xz T_3.7, 5;
    %load/vec4 v0000021f39116e30_0;
    %ix/getv/s 4, v0000021f391d88b0_0;
    %load/vec4a v0000021f391d7960, 4;
    %pad/s 32;
    %pushi/vec4 48, 0, 32;
    %load/vec4 v0000021f391d88b0_0;
    %add;
    %ix/vec4/s 4;
    %load/vec4a v0000021f391d8130, 4;
    %pad/s 32;
    %mul;
    %add;
    %store/vec4 v0000021f39116e30_0, 0, 32;
    %load/vec4 v0000021f391d88b0_0;
    %addi 1, 0, 32;
    %store/vec4 v0000021f391d88b0_0, 0, 32;
    %jmp T_3.6;
T_3.7 ;
    %load/vec4 v0000021f39116e30_0;
    %ix/load 4, 8, 0;
    %flag_set/imm 4, 0;
    %shiftr/s 4;
    %ix/load 4, 3, 0;
    %flag_set/imm 4, 0;
    %load/vec4a v0000021f391d8770, 4;
    %pad/s 32;
    %add;
    %pad/s 16;
    %store/vec4 v0000021f391d8310_0, 0, 16;
    %jmp T_3;
    .thread T_3, $push;
    .scope S_0000021f3917fcf0;
T_4 ;
    %wait E_0000021f3917b6d0;
    %pushi/vec4 0, 0, 2;
    %store/vec4 v0000021f391d7e10_0, 0, 2;
    %load/vec4 v0000021f391d8590_0;
    %load/vec4 v0000021f391d81d0_0;
    %cmp/s;
    %jmp/0xz  T_4.0, 5;
    %pushi/vec4 1, 0, 2;
    %store/vec4 v0000021f391d7e10_0, 0, 2;
T_4.0 ;
    %load/vec4 v0000021f391d7e10_0;
    %pad/u 32;
    %cmpi/e 0, 0, 32;
    %flag_mov 8, 4;
    %jmp/0 T_4.4, 8;
    %load/vec4 v0000021f391d8590_0;
    %jmp/1 T_4.5, 8;
T_4.4 ; End of true expr.
    %load/vec4 v0000021f391d81d0_0;
    %jmp/0 T_4.5, 8;
 ; End of false expr.
    %blend;
T_4.5;
    %load/vec4 v0000021f391d7d70_0;
    %cmp/s;
    %jmp/0xz  T_4.2, 5;
    %pushi/vec4 2, 0, 2;
    %store/vec4 v0000021f391d7e10_0, 0, 2;
T_4.2 ;
    %load/vec4 v0000021f391d7e10_0;
    %pad/u 32;
    %cmpi/e 0, 0, 32;
    %flag_mov 8, 4;
    %jmp/0 T_4.8, 8;
    %load/vec4 v0000021f391d8590_0;
    %jmp/1 T_4.9, 8;
T_4.8 ; End of true expr.
    %load/vec4 v0000021f391d7e10_0;
    %pad/u 32;
    %cmpi/e 1, 0, 32;
    %flag_mov 9, 4;
    %jmp/0 T_4.10, 9;
    %load/vec4 v0000021f391d81d0_0;
    %jmp/1 T_4.11, 9;
T_4.10 ; End of true expr.
    %load/vec4 v0000021f391d7d70_0;
    %jmp/0 T_4.11, 9;
 ; End of false expr.
    %blend;
T_4.11;
    %jmp/0 T_4.9, 8;
 ; End of false expr.
    %blend;
T_4.9;
    %load/vec4 v0000021f391d8310_0;
    %cmp/s;
    %jmp/0xz  T_4.6, 5;
    %pushi/vec4 3, 0, 2;
    %store/vec4 v0000021f391d7e10_0, 0, 2;
T_4.6 ;
    %jmp T_4;
    .thread T_4, $push;
    .scope S_0000021f3917fb60;
T_5 ;
    %pushi/vec4 0, 0, 16;
    %store/vec4 v0000021f391d7f50_0, 0, 16;
    %pushi/vec4 0, 0, 16;
    %store/vec4 v0000021f391d84f0_0, 0, 16;
    %pushi/vec4 0, 0, 16;
    %store/vec4 v0000021f391d8630_0, 0, 16;
    %pushi/vec4 0, 0, 16;
    %store/vec4 v0000021f391d86d0_0, 0, 16;
    %pushi/vec4 0, 0, 16;
    %store/vec4 v0000021f391d83b0_0, 0, 16;
    %pushi/vec4 0, 0, 16;
    %store/vec4 v0000021f391d7ff0_0, 0, 16;
    %pushi/vec4 0, 0, 16;
    %store/vec4 v0000021f391d8810_0, 0, 16;
    %pushi/vec4 42, 0, 16;
    %store/vec4 v0000021f391d8270_0, 0, 16;
    %delay 100000, 0;
    %vpi_call/w 3 24 "$display", "PREDICTED_STAGE=%0d", v0000021f391d8450_0 {0 0 0};
    %vpi_call/w 3 25 "$finish" {0 0 0};
    %end;
    .thread T_5;
# The file index is used to find the file name in the following table.
:file_names 5;
    "N/A";
    "<interactive>";
    "-";
    "tb_top_ann_dynamic.v";
    "../verilog/top_ann_mem.v";
